<?xml version="1.0" encoding="UTF-8"?>
<testng-results ignored="0" total="3" passed="3" failed="0" skipped="0">
  <reporter-output>
  </reporter-output>
  <suite started-at="2022-09-19T10:59:22 IST" name="Suite" finished-at="2022-09-19T10:59:41 IST" duration-ms="18373">
    <groups>
    </groups>
    <test started-at="2022-09-19T10:59:22 IST" name="Test" finished-at="2022-09-19T10:59:41 IST" duration-ms="18373">
      <class name="Orderby">
        <test-method signature="order()[pri:0, instance:Orderby@47faa49c]" started-at="2022-09-19T10:59:31 IST" name="order" finished-at="2022-09-19T10:59:41 IST" duration-ms="10062" status="PASS">
          <reporter-output>
          </reporter-output>
        </test-method> <!-- order -->
      </class> <!-- Orderby -->
      <class name="signin">
        <test-method signature="df()[pri:0, instance:signin@483f6d77]" started-at="2022-09-19T10:59:22 IST" name="df" finished-at="2022-09-19T10:59:27 IST" duration-ms="4425" status="PASS">
          <reporter-output>
          </reporter-output>
        </test-method> <!-- df -->
      </class> <!-- signin -->
      <class name="signup">
        <test-method signature="rf()[pri:0, instance:signup@73e22a3d]" started-at="2022-09-19T10:59:27 IST" name="rf" finished-at="2022-09-19T10:59:31 IST" duration-ms="3839" status="PASS">
          <reporter-output>
          </reporter-output>
        </test-method> <!-- rf -->
      </class> <!-- signup -->
    </test> <!-- Test -->
  </suite> <!-- Suite -->
</testng-results>
